c:\programming\c++\voxelengine\voxelengine\x64\debug\vc143.pdb
c:\programming\c++\voxelengine\voxelengine\x64\debug\vc143.idb
c:\programming\c++\voxelengine\voxelengine\x64\debug\main.obj
c:\programming\c++\voxelengine\voxelengine\x64\debug\voxelengine.ilk
c:\programming\c++\voxelengine\x64\debug\voxelengine.pdb
c:\programming\c++\voxelengine\voxelengine\x64\debug\voxelengine.tlog\cl.command.1.tlog
c:\programming\c++\voxelengine\voxelengine\x64\debug\voxelengine.tlog\cl.items.tlog
c:\programming\c++\voxelengine\voxelengine\x64\debug\voxelengine.tlog\cl.read.1.tlog
c:\programming\c++\voxelengine\voxelengine\x64\debug\voxelengine.tlog\cl.write.1.tlog
c:\programming\c++\voxelengine\voxelengine\x64\debug\voxelengine.tlog\link-cvtres.read.1.tlog
c:\programming\c++\voxelengine\voxelengine\x64\debug\voxelengine.tlog\link-cvtres.write.1.tlog
c:\programming\c++\voxelengine\voxelengine\x64\debug\voxelengine.tlog\link-rc.read.1.tlog
c:\programming\c++\voxelengine\voxelengine\x64\debug\voxelengine.tlog\link-rc.write.1.tlog
c:\programming\c++\voxelengine\voxelengine\x64\debug\voxelengine.tlog\link.1772-cvtres.read.1.tlog
c:\programming\c++\voxelengine\voxelengine\x64\debug\voxelengine.tlog\link.1772-cvtres.write.1.tlog
c:\programming\c++\voxelengine\voxelengine\x64\debug\voxelengine.tlog\link.1772-rc.read.1.tlog
c:\programming\c++\voxelengine\voxelengine\x64\debug\voxelengine.tlog\link.1772-rc.write.1.tlog
c:\programming\c++\voxelengine\voxelengine\x64\debug\voxelengine.tlog\link.1772.read.1.tlog
c:\programming\c++\voxelengine\voxelengine\x64\debug\voxelengine.tlog\link.1772.read.3.tlog
c:\programming\c++\voxelengine\voxelengine\x64\debug\voxelengine.tlog\link.1772.write.1.tlog
c:\programming\c++\voxelengine\voxelengine\x64\debug\voxelengine.tlog\link.command.1.tlog
c:\programming\c++\voxelengine\voxelengine\x64\debug\voxelengine.tlog\link.read.1.tlog
c:\programming\c++\voxelengine\voxelengine\x64\debug\voxelengine.tlog\link.read.2.tlog
c:\programming\c++\voxelengine\voxelengine\x64\debug\voxelengine.tlog\link.read.3.tlog
c:\programming\c++\voxelengine\voxelengine\x64\debug\voxelengine.tlog\link.secondary.1.tlog
c:\programming\c++\voxelengine\voxelengine\x64\debug\voxelengine.tlog\link.write.1.tlog
